#
# There is insufficient memory for the Java Runtime Environment to continue.
# Native memory allocation (mmap) failed to map 201326592 bytes for Failed to commit area from 0x0000000741800000 to 0x000000074d800000 of length 201326592.
# Possible reasons:
#   The system is out of physical RAM or swap space
#   The process is running with CompressedOops enabled, and the Java Heap may be blocking the growth of the native heap
# Possible solutions:
#   Reduce memory load on the system
#   Increase physical memory or swap space
#   Check if swap backing store is full
#   Decrease Java heap size (-Xmx/-Xms)
#   Decrease number of Java threads
#   Decrease Java thread stack sizes (-Xss)
#   Set larger code cache with -XX:ReservedCodeCacheSize=
# This output file may be truncated or incomplete.
#
#  Out of Memory Error (./src/hotspot/os/windows/os_windows.cpp:3311), pid=2848, tid=16332
#
# JRE version:  (11.0.13+8) (build )
# Java VM: OpenJDK 64-Bit Server VM (11.0.13+8, mixed mode, sharing, tiered, compressed oops, g1 gc, windows-amd64)
# No core dump will be written. Minidumps are not enabled by default on client versions of Windows
#

---------------  S U M M A R Y ------------

Command Line: country.app.App

Host: Intel(R) Core(TM) i5-6200U CPU @ 2.30GHz, 4 cores, 11G,  Windows 10 , 64 bit Build 19041 (10.0.19041.1466)
Time: Thu Jan 20 03:19:53 2022 Paris, Madrid elapsed time: 0.021982 seconds (0d 0h 0m 0s)

---------------  T H R E A D  ---------------

Current thread (0x0000025f93954000):  JavaThread "Unknown thread" [_thread_in_vm, id=16332, stack(0x000000e23b900000,0x000000e23ba00000)]

Stack: [0x000000e23b900000,0x000000e23ba00000]
Native frames: (J=compiled Java code, j=interpreted, Vv=VM code, C=native code)
V  [jvm.dll+0x61cc7a]
V  [jvm.dll+0x7a8fd9]
V  [jvm.dll+0x7aa69f]
V  [jvm.dll+0x7aad73]
V  [jvm.dll+0x24f808]
V  [jvm.dll+0x619f8a]
V  [jvm.dll+0x60e835]
V  [jvm.dll+0x30733c]
V  [jvm.dll+0x3071c2]
V  [jvm.dll+0x30bee6]
V  [jvm.dll+0x350e8f]
V  [jvm.dll+0x3508c0]
V  [jvm.dll+0x2e4438]
V  [jvm.dll+0x2e5596]
V  [jvm.dll+0x782db7]
V  [jvm.dll+0x78453f]
V  [jvm.dll+0x35dc19]
V  [jvm.dll+0x765d40]
V  [jvm.dll+0x3cb66f]
V  [jvm.dll+0x3cda01]
C  [jli.dll+0x5207]
C  [ucrtbase.dll+0x21bb2]
C  [KERNEL32.DLL+0x17034]
C  [ntdll.dll+0x52651]


---------------  P R O C E S S  ---------------

Threads class SMR info:
_java_thread_list=0x0000025f938578a0, length=0, elements={
}

Java Threads: ( => current thread )

Other Threads:
  0x0000025f9396b800 GCTaskThread "GC Thread#0" [stack: 0x000000e23ba00000,0x000000e23bb00000] [id=3868]
  0x0000025f939b3000 ConcurrentGCThread "G1 Main Marker" [stack: 0x000000e23bb00000,0x000000e23bc00000] [id=14316]
  0x0000025f939b6800 ConcurrentGCThread "G1 Conc#0" [stack: 0x000000e23bc00000,0x000000e23bd00000] [id=11824]

[error occurred during error reporting (printing all threads), id 0xc0000005, EXCEPTION_ACCESS_VIOLATION (0xc0000005) at pc=0x00007ff998a63b17]

VM state:not at safepoint (not fully initialized)

VM Mutex/Monitor currently owned by a thread:  ([mutex/lock_event])
[0x0000025f93950d40] Heap_lock - owner thread: 0x0000025f93954000

Heap address: 0x0000000741800000, size: 3048 MB, Compressed Oops mode: Non-zero based: 0x0000000741800000
Narrow klass base: 0x0000000000000000, Narrow klass shift: 0

GC Heap History (0 events):
No events

Deoptimization events (0 events):
No events

Classes redefined (0 events):
No events

Internal exceptions (0 events):
No events

Events (1 events):
Event: 0.014 Loaded shared library C:\Program Files\Eclipse Adoptium\jdk-11.0.13.8-hotspot\bin\zip.dll


Dynamic libraries:
0x00007ff683980000 - 0x00007ff68398d000 	C:\Program Files\Eclipse Adoptium\jdk-11.0.13.8-hotspot\bin\java.exe
0x00007ffa165b0000 - 0x00007ffa167a5000 	C:\Windows\SYSTEM32\ntdll.dll
0x00007ffa15940000 - 0x00007ffa159fe000 	C:\Windows\System32\KERNEL32.DLL
0x00007ffa13f00000 - 0x00007ffa141c8000 	C:\Windows\System32\KERNELBASE.dll
0x00007ffa14250000 - 0x00007ffa14350000 	C:\Windows\System32\ucrtbase.dll
0x00007ff9d71f0000 - 0x00007ff9d7207000 	C:\Program Files\Eclipse Adoptium\jdk-11.0.13.8-hotspot\bin\jli.dll
0x00007ff9d00e0000 - 0x00007ff9d00f5000 	C:\Program Files\Eclipse Adoptium\jdk-11.0.13.8-hotspot\bin\VCRUNTIME140.dll
0x00007ffa145f0000 - 0x00007ffa14791000 	C:\Windows\System32\USER32.dll
0x00007ff9fbe40000 - 0x00007ff9fc0da000 	C:\Windows\WinSxS\amd64_microsoft.windows.common-controls_6595b64144ccf1df_6.0.19041.1110_none_60b5254171f9507e\COMCTL32.dll
0x00007ffa144b0000 - 0x00007ffa144d2000 	C:\Windows\System32\win32u.dll
0x00007ffa16540000 - 0x00007ffa1656b000 	C:\Windows\System32\GDI32.dll
0x00007ffa164a0000 - 0x00007ffa1653e000 	C:\Windows\System32\msvcrt.dll
0x00007ffa144e0000 - 0x00007ffa145ed000 	C:\Windows\System32\gdi32full.dll
0x00007ffa13d50000 - 0x00007ffa13ded000 	C:\Windows\System32\msvcp_win.dll
0x00007ffa15460000 - 0x00007ffa15490000 	C:\Windows\System32\IMM32.DLL
0x00007ff99e870000 - 0x00007ff99e90b000 	C:\Program Files\Eclipse Adoptium\jdk-11.0.13.8-hotspot\bin\msvcp140.dll
0x00007ff998770000 - 0x00007ff9992ee000 	C:\Program Files\Eclipse Adoptium\jdk-11.0.13.8-hotspot\bin\server\jvm.dll
0x00007ffa15040000 - 0x00007ffa150ee000 	C:\Windows\System32\ADVAPI32.dll
0x00007ffa15e80000 - 0x00007ffa15f1c000 	C:\Windows\System32\sechost.dll
0x00007ffa15f20000 - 0x00007ffa16045000 	C:\Windows\System32\RPCRT4.dll
0x00007ffa15450000 - 0x00007ffa15458000 	C:\Windows\System32\PSAPI.DLL
0x00007ff9e8170000 - 0x00007ff9e8179000 	C:\Windows\SYSTEM32\WSOCK32.dll
0x00007ff9f9420000 - 0x00007ff9f9447000 	C:\Windows\SYSTEM32\WINMM.dll
0x00007ffa155b0000 - 0x00007ffa1561b000 	C:\Windows\System32\WS2_32.dll
0x00007ffa06e30000 - 0x00007ffa06e3a000 	C:\Windows\SYSTEM32\VERSION.dll
0x00007ffa124f0000 - 0x00007ffa12502000 	C:\Windows\SYSTEM32\kernel.appcore.dll
0x00007ff9ec190000 - 0x00007ff9ec1a0000 	C:\Program Files\Eclipse Adoptium\jdk-11.0.13.8-hotspot\bin\verify.dll
0x00007ffa0bb80000 - 0x00007ffa0bd64000 	C:\Windows\SYSTEM32\DBGHELP.DLL
0x00007ff9f7030000 - 0x00007ff9f705c000 	C:\Windows\SYSTEM32\dbgcore.DLL
0x00007ffa13cc0000 - 0x00007ffa13d42000 	C:\Windows\System32\bcryptPrimitives.dll
0x00007ff9cf4a0000 - 0x00007ff9cf4c8000 	C:\Program Files\Eclipse Adoptium\jdk-11.0.13.8-hotspot\bin\java.dll
0x00007ff9e9e70000 - 0x00007ff9e9e7a000 	C:\Program Files\Eclipse Adoptium\jdk-11.0.13.8-hotspot\bin\jimage.dll
0x00007ff9d00c0000 - 0x00007ff9d00d7000 	C:\Program Files\Eclipse Adoptium\jdk-11.0.13.8-hotspot\bin\zip.dll

dbghelp: loaded successfully - version: 4.0.5 - missing functions: none
symbol engine: initialized successfully - sym options: 0x614 - pdb path: .;C:\Program Files\Eclipse Adoptium\jdk-11.0.13.8-hotspot\bin;C:\Windows\SYSTEM32;C:\Windows\WinSxS\amd64_microsoft.windows.common-controls_6595b64144ccf1df_6.0.19041.1110_none_60b5254171f9507e;C:\Program Files\Eclipse Adoptium\jdk-11.0.13.8-hotspot\bin\server

VM Arguments:
java_command: country.app.App
java_class_path (initial): C:\Users\hp\Desktop\devoir\spring_demo\bin;C:\Users\hp\Desktop\devoir\spring_demo\libs2\commons-logging-1.1.1.jar;C:\Users\hp\Desktop\devoir\spring_demo\libs2\h2-1.4.197.jar;C:\Users\hp\Desktop\devoir\spring_demo\libs2\hamcrest-core-1.3.jar;C:\Users\hp\Desktop\devoir\spring_demo\libs2\junit-4.13.2.jar;C:\Users\hp\Desktop\devoir\spring_demo\libs2\spring-aop-5.0.7.RELEASE.jar;C:\Users\hp\Desktop\devoir\spring_demo\libs2\spring-beans-4.2.6.RELEASE.jar;C:\Users\hp\Desktop\devoir\spring_demo\libs2\spring-context-4.2.6.RELEASE.jar;C:\Users\hp\Desktop\devoir\spring_demo\libs2\spring-core-4.2.6.RELEASE.jar;C:\Users\hp\Desktop\devoir\spring_demo\libs2\spring-expression-4.2.6.RELEASE.jar;C:\Users\hp\Desktop\devoir\spring_demo\libs2\spring-jdbc-4.3.10.RELEASE.jar;C:\Users\hp\Desktop\devoir\spring_demo\libs2\spring-tx-4.2.5.RELEASE.jar;C:\Users\hp\Desktop\devoir\spring_demo\lib\antlr-2.7.7.jar;C:\Users\hp\Desktop\devoir\spring_demo\lib\byte-buddy-1.11.20.jar;C:\Users\hp\Desktop\devoir\spring_demo\lib\classmate-1.5.1.jar;C:\Users\hp\Desktop\devoir\spring_demo\lib\FastInfoset-1.2.15.jar;C:\Users\hp\Desktop\devoir\spring_demo\lib\hamcrest-core-1.3.jar;C:\Users\hp\Desktop\devoir\spring_demo\lib\hibernate-commons-annotations-5.1.2.Final.jar;C:\Users\hp\Desktop\devoir\spring_demo\lib\hibernate-core-5.6.2.Final.jar;C:\Users\hp\Desktop\devoir\spring_demo\lib\istack-commons-runtime-3.0.7.jar;C:\Users\hp\Desktop\devoir\spring_demo\lib\jandex-2.2.3.Final.jar;C:\Users\hp\Desktop\devoir\spring_demo\lib\javax.activation-api-1.2.0.jar;C:\Users\hp\Desktop\devoir\spring_demo\lib\javax.persistence-api-2.2.jar;C:\Users\hp\Desktop\devoir\spring_demo\lib\jaxb-api-2.3.1.jar;C:\Users\hp\Desktop\devoir\spring_demo\lib\txw2-2.3.1.jar;C:\Users\hp\Desktop\devoir\spring_demo\lib\stax-ex-1.8.jar;C:\Users\hp\Desktop\devoir\spring_demo\lib\jaxb-runtime-2.3.1.jar;C:\Users\hp\Desktop\devoir\spring_demo\lib\jboss-logging-3.4.2.Final.jar;C:\Users\hp\Desktop\devoir\spring_demo\lib\jbo
Launcher Type: SUN_STANDARD

[Global flags]
     intx CICompilerCount                          = 3                                         {product} {ergonomic}
     uint ConcGCThreads                            = 1                                         {product} {ergonomic}
     uint G1ConcRefinementThreads                  = 4                                         {product} {ergonomic}
   size_t G1HeapRegionSize                         = 1048576                                   {product} {ergonomic}
    uintx GCDrainStackTargetSize                   = 64                                        {product} {ergonomic}
   size_t InitialHeapSize                          = 201326592                                 {product} {ergonomic}
   size_t MarkStackSize                            = 4194304                                   {product} {ergonomic}
   size_t MaxHeapSize                              = 3196059648                                {product} {ergonomic}
   size_t MinHeapDeltaBytes                        = 1048576                                   {product} {ergonomic}
    uintx NonNMethodCodeHeapSize                   = 5830732                                {pd product} {ergonomic}
    uintx NonProfiledCodeHeapSize                  = 122913754                              {pd product} {ergonomic}
    uintx ProfiledCodeHeapSize                     = 122913754                              {pd product} {ergonomic}
    uintx ReservedCodeCacheSize                    = 251658240                              {pd product} {ergonomic}
     bool SegmentedCodeCache                       = true                                      {product} {ergonomic}
     bool UseCompressedClassPointers               = true                                 {lp64_product} {ergonomic}
     bool UseCompressedOops                        = true                                 {lp64_product} {ergonomic}
     bool UseG1GC                                  = true                                      {product} {ergonomic}
     bool UseLargePagesIndividualAllocation        = false                                  {pd product} {ergonomic}

Logging:
Log output configuration:
 #0: stdout all=warning uptime,level,tags
 #1: stderr all=off uptime,level,tags

Environment Variables:
CLASSPATH=C:\JADE-all-4.4.0\jade\lib\jade.jar;C:\JADE-all-4.4.0\jade\lib\jadeExamples.jar;
PATH=C:\Users\hp\bin;C:\Program Files\Git\mingw64\bin;C:\Program Files\Git\usr\local\bin;C:\Program Files\Git\usr\bin;C:\Program Files\Git\usr\bin;C:\Program Files\Git\mingw64\bin;C:\Program Files\Git\usr\bin;C:\Users\hp\bin;C:\Program Files\Eclipse Adoptium\jdk-11.0.13.8-hotspot\bin;C:\Program Files\Eclipse Adoptium\jdk-8.0.312.7-hotspot\bin;C:\Program Files (x86)\Common Files\Intel\Shared Libraries\redist\intel64\compiler;C:\Program Files\Common Files\Oracle\Java\javapath;C:\Python39\Scripts;C:\Python39;C:\Windows\system32;C:\Windows;C:\Windows\System32\Wbem;C:\Windows\System32\WindowsPowerShell\v1.0;C:\Windows\System32\OpenSSH;C:\Program Files\Docker\Docker\resources\bin;C:\ProgramData\DockerDesktop\version-bin;C:\Program Files\nodejs;C:\ProgramData\chocolatey\bin;C:\Program Files (x86)\dotnet;C:\Python39\Lib\site-packages\django\bin;C:\Program Files\Microsoft SQL Server\Client SDK\ODBC\170\Tools\Binn;C:\Program Files (x86)\Microsoft SQL Server\150\Tools\Binn;C:\Program Files\Microsoft SQL Server\150\Tools\Binn;C:\Program Files\Microsoft SQL Server\150\DTS\Binn;C:\Program Files (x86)\Microsoft SQL Server\150\DTS\Binn;C:\Program Files\Azure Data Studio\bin;C:\Program Files\Go\bin;C:\sqlite;C:\Program Files\Git\cmd;C:\Program Files\dotnet;F:\dev\anaconda3;F:\dev\anaconda3\Library\mingw-w64\bin;F:\dev\anaconda3\Library\usr\bin;F:\dev\anaconda3\Library\bin;F:\dev\anaconda3\Scripts;C:\Users\hp\AppData\Local\Microsoft\WindowsApps;C:\Users\hp\AppData\Local\Programs\Microsoft VS Code\bin;C:\Users\hp\AppData\Roaming\npm;C:\dart-sass;C:\tools\dart-sdk\bin;C:\Users\hp\AppData\Roaming\Pub\Cache\bin;F:\progs\win\bin;C:\Python39\Lib\site-packages\django\bin;C:\Program Files\dotnet;C:\Program Files\Azure Data Studio\bin;C:\Users\hp;C:\Users\hp\AppData\Local\Programs\mongosh;C:\Users\hp\go\bin;C:\apache-maven-3.8.2\bin;C:\Users\hp\.dotnet\tools;C:\Program Files\Git\usr\bin\vendor_perl;C:\Program Files\Git\usr\bin\core_perl
USERNAME=hp
SHELL=C:\Program Files\Git\usr\bin\bash.exe
DISPLAY=needs-to-be-defined
LANG=fr_FR.UTF-8
LC_CTYPE=fr_FR.UTF-8
OS=Windows_NT
PROCESSOR_IDENTIFIER=Intel64 Family 6 Model 78 Stepping 3, GenuineIntel



---------------  S Y S T E M  ---------------

OS: Windows 10 , 64 bit Build 19041 (10.0.19041.1466)
OS uptime: 0 days 15:04 hours
Hyper-V role detected

CPU:total 4 (initial active 4) (2 cores per cpu, 2 threads per core) family 6 model 78 stepping 3 microcode 0xcc, cmov, cx8, fxsr, mmx, sse, sse2, sse3, ssse3, sse4.1, sse4.2, popcnt, avx, avx2, aes, clmul, erms, 3dnowpref, lzcnt, ht, tsc, tscinvbit, bmi1, bmi2, adx, fma

Memory: 4k page, system-wide physical 12184M (2360M free)
TotalPageFile size 14801M (AvailPageFile size 171M)
current process WorkingSet (physical memory assigned to process): 10M, peak: 10M
current process commit charge ("private bytes"): 52M, peak: 243M

vm_info: OpenJDK 64-Bit Server VM (11.0.13+8) for windows-amd64 JRE (11.0.13+8), built on Oct 19 2021 17:05:59 by "" with unknown MS VC++:1916

END.
