#
# There is insufficient memory for the Java Runtime Environment to continue.
# Native memory allocation (mmap) failed to map 199229440 bytes for G1 virtual space
# Possible reasons:
#   The system is out of physical RAM or swap space
#   The process is running with CompressedOops enabled, and the Java Heap may be blocking the growth of the native heap
# Possible solutions:
#   Reduce memory load on the system
#   Increase physical memory or swap space
#   Check if swap backing store is full
#   Decrease Java heap size (-Xmx/-Xms)
#   Decrease number of Java threads
#   Decrease Java thread stack sizes (-Xss)
#   Set larger code cache with -XX:ReservedCodeCacheSize=
#   JVM is running with Zero Based Compressed Oops mode in which the Java heap is
#     placed in the first 32GB address space. The Java Heap base address is the
#     maximum limit for the native heap growth. Please use -XX:HeapBaseMinAddress
#     to set the Java Heap base and to place the Java Heap above 32GB virtual address.
# This output file may be truncated or incomplete.
#
#  Out of Memory Error (./open/src/hotspot/os/windows/os_windows.cpp:3472), pid=10936, tid=5700
#
# JRE version:  (15.0.1+9) (build )
# Java VM: Java HotSpot(TM) 64-Bit Server VM (15.0.1+9-18, mixed mode, sharing, tiered, compressed oops, g1 gc, windows-amd64)
# No core dump will be written. Minidumps are not enabled by default on client versions of Windows
#

---------------  S U M M A R Y ------------

Command Line: -ea -Dfile.encoding=Cp1252 -XX:+ShowCodeDetailsInExceptionMessages org.eclipse.jdt.internal.junit.runner.RemoteTestRunner -version 3 -port 64405 -testLoaderClass org.eclipse.jdt.internal.junit4.runner.JUnit4TestLoader -loaderpluginname org.eclipse.jdt.junit4.runtime -classNames tests.Test

Host: Intel(R) Core(TM) i5-10210U CPU @ 1.60GHz, 8 cores, 11G,  Windows 10 , 64 bit Build 19041 (10.0.19041.1466)
Time: Thu Jan 20 20:01:39 2022 Paris, Madrid elapsed time: 0.016371 seconds (0d 0h 0m 0s)

---------------  T H R E A D  ---------------

Current thread (0x000001d3573660c0):  JavaThread "Unknown thread" [_thread_in_vm, id=5700, stack(0x00000039ae100000,0x00000039ae200000)]

Stack: [0x00000039ae100000,0x00000039ae200000]
Native frames: (J=compiled Java code, j=interpreted, Vv=VM code, C=native code)
V  [jvm.dll+0x62ae9a]
V  [jvm.dll+0x781389]
V  [jvm.dll+0x782ae3]
V  [jvm.dll+0x783143]
V  [jvm.dll+0x216265]
V  [jvm.dll+0x6281d9]
V  [jvm.dll+0x61cd15]
V  [jvm.dll+0x2d01fd]
V  [jvm.dll+0x2d0062]
V  [jvm.dll+0x2d603c]
V  [jvm.dll+0x325b2a]
V  [jvm.dll+0x3251f4]
V  [jvm.dll+0x2a717a]
V  [jvm.dll+0x2a8318]
V  [jvm.dll+0x75e101]
V  [jvm.dll+0x3343e4]
V  [jvm.dll+0x73e826]
V  [jvm.dll+0x3b7777]
V  [jvm.dll+0x3b9201]
C  [jli.dll+0x52fb]
C  [ucrtbase.dll+0x21bb2]
C  [KERNEL32.DLL+0x17034]
C  [ntdll.dll+0x52651]


---------------  P R O C E S S  ---------------

Threads class SMR info:
_java_thread_list=0x00007ffb82dc4ff0, length=0, elements={
}

Java Threads: ( => current thread )

Other Threads:
  0x000001d3573a9e40 GCTaskThread "GC Thread#0" [stack: 0x00000039ae200000,0x00000039ae300000] [id=10460]
  0x000001d3573b7d30 ConcurrentGCThread "G1 Main Marker" [stack: 0x00000039ae300000,0x00000039ae400000] [id=6964]
  0x000001d3573b9050 ConcurrentGCThread "G1 Conc#0" [stack: 0x00000039ae400000,0x00000039ae500000] [id=12368]

[error occurred during error reporting (printing all threads), id 0xc0000005, EXCEPTION_ACCESS_VIOLATION (0xc0000005) at pc=0x00007ffb825b8047]

VM state: not at safepoint (not fully initialized)

VM Mutex/Monitor currently owned by a thread:  ([mutex/lock_event])
[0x000001d3573623c0] Heap_lock - owner thread: 0x000001d3573660c0

Heap address: 0x0000000743000000, size: 3024 MB, Compressed Oops mode: Zero based, Oop shift amount: 3
CDS archive(s) mapped at: [0x0000000000000000-0x0000000000000000-0x0000000000000000), size 0, SharedBaseAddress: 0x0000000800000000, ArchiveRelocationMode: 0.
Narrow klass base: 0x0000000000000000, Narrow klass shift: 0, Narrow klass range: 0x0

Heap:
 garbage-first heap   total 194560K, used 0K [0x0000000743000000, 0x0000000800000000)
  region size 2048K, 0 young (0K), 0 survivors (0K)
 Metaspace       used 0K, capacity 0K, committed 0K, reserved 0K
  class space    used 0K, capacity 0K, committed 0K, reserved 0K

Heap Regions: E=young(eden), S=young(survivor), O=old, HS=humongous(starts), HC=humongous(continues), CS=collection set, F=free, OA=open archive, CA=closed archive, TAMS=top-at-mark-start (previous, next)

Card table byte_map: [0x000001d36eec0000,0x000001d36f4b0000] _byte_map_base: 0x000001d36b4a8000

Marking Bits (Prev, Next): (CMBitMap*) 0x000001d3573ab5d0, (CMBitMap*) 0x000001d3573ab610
 Prev Bits: [0x000001d36faa0000, 0x000001d3729e0000)
 Next Bits: [0x000001d3729e0000, 0x000001d375920000)

GC Heap History (0 events):
No events

Deoptimization events (0 events):
No events

Classes unloaded (0 events):
No events

Classes redefined (0 events):
No events

Internal exceptions (0 events):
No events

Events (1 events):
Event: 0.009 Loaded shared library C:\Program Files\Java\jdk-15.0.1\bin\java.dll


Dynamic libraries:
0x00007ff7ba360000 - 0x00007ff7ba36f000 	C:\Program Files\Java\jdk-15.0.1\bin\javaw.exe
0x00007ffbc0f10000 - 0x00007ffbc1105000 	C:\WINDOWS\SYSTEM32\ntdll.dll
0x00007ffbc01e0000 - 0x00007ffbc029e000 	C:\WINDOWS\System32\KERNEL32.DLL
0x00007ffbbe810000 - 0x00007ffbbead8000 	C:\WINDOWS\System32\KERNELBASE.dll
0x00007ffbbed60000 - 0x00007ffbbee60000 	C:\WINDOWS\System32\ucrtbase.dll
0x00007ffbb8800000 - 0x00007ffbb8819000 	C:\Program Files\Java\jdk-15.0.1\bin\VCRUNTIME140.dll
0x00007ffbb8820000 - 0x00007ffbb8838000 	C:\Program Files\Java\jdk-15.0.1\bin\jli.dll
0x00007ffbbf340000 - 0x00007ffbbf3ee000 	C:\WINDOWS\System32\ADVAPI32.dll
0x00007ffbc0e30000 - 0x00007ffbc0ece000 	C:\WINDOWS\System32\msvcrt.dll
0x00007ffbc0d30000 - 0x00007ffbc0dcc000 	C:\WINDOWS\System32\sechost.dll
0x00007ffbbf8f0000 - 0x00007ffbbfa15000 	C:\WINDOWS\System32\RPCRT4.dll
0x00007ffbbef50000 - 0x00007ffbbf0f1000 	C:\WINDOWS\System32\USER32.dll
0x00007ffb9f2e0000 - 0x00007ffb9f57a000 	C:\WINDOWS\WinSxS\amd64_microsoft.windows.common-controls_6595b64144ccf1df_6.0.19041.1110_none_60b5254171f9507e\COMCTL32.dll
0x00007ffbbe6d0000 - 0x00007ffbbe6f2000 	C:\WINDOWS\System32\win32u.dll
0x00007ffbbf160000 - 0x00007ffbbf18b000 	C:\WINDOWS\System32\GDI32.dll
0x00007ffbbe700000 - 0x00007ffbbe80d000 	C:\WINDOWS\System32\gdi32full.dll
0x00007ffbbec70000 - 0x00007ffbbed0d000 	C:\WINDOWS\System32\msvcp_win.dll
0x00007ffbb8440000 - 0x00007ffbb844a000 	C:\WINDOWS\SYSTEM32\VERSION.dll
0x00007ffbc0670000 - 0x00007ffbc06a0000 	C:\WINDOWS\System32\IMM32.DLL
0x00007ffbb8bf0000 - 0x00007ffbb8bfc000 	C:\Program Files\Java\jdk-15.0.1\bin\vcruntime140_1.dll
0x00007ffbb8760000 - 0x00007ffbb87f1000 	C:\Program Files\Java\jdk-15.0.1\bin\msvcp140.dll
0x00007ffb82300000 - 0x00007ffb82e5e000 	C:\Program Files\Java\jdk-15.0.1\bin\server\jvm.dll
0x00007ffbbf190000 - 0x00007ffbbf198000 	C:\WINDOWS\System32\PSAPI.DLL
0x00007ffba4670000 - 0x00007ffba4697000 	C:\WINDOWS\SYSTEM32\WINMM.dll
0x00007ffbb8750000 - 0x00007ffbb8759000 	C:\WINDOWS\SYSTEM32\WSOCK32.dll
0x00007ffbbfa20000 - 0x00007ffbbfa8b000 	C:\WINDOWS\System32\WS2_32.dll
0x00007ffbbc6f0000 - 0x00007ffbbc702000 	C:\WINDOWS\SYSTEM32\kernel.appcore.dll
0x00007ffbb8740000 - 0x00007ffbb874a000 	C:\Program Files\Java\jdk-15.0.1\bin\jimage.dll
0x00007ffbbc230000 - 0x00007ffbbc414000 	C:\WINDOWS\SYSTEM32\DBGHELP.DLL
0x00007ffba4a80000 - 0x00007ffba4aac000 	C:\WINDOWS\SYSTEM32\dbgcore.DLL
0x00007ffbbee60000 - 0x00007ffbbeee2000 	C:\WINDOWS\System32\bcryptPrimitives.dll
0x00007ffbb8710000 - 0x00007ffbb8735000 	C:\Program Files\Java\jdk-15.0.1\bin\java.dll

dbghelp: loaded successfully - version: 4.0.5 - missing functions: none
symbol engine: initialized successfully - sym options: 0x614 - pdb path: .;C:\Program Files\Java\jdk-15.0.1\bin;C:\WINDOWS\SYSTEM32;C:\WINDOWS\WinSxS\amd64_microsoft.windows.common-controls_6595b64144ccf1df_6.0.19041.1110_none_60b5254171f9507e;C:\Program Files\Java\jdk-15.0.1\bin\server

VM Arguments:
jvm_args: -ea -Dfile.encoding=Cp1252 -XX:+ShowCodeDetailsInExceptionMessages 
java_command: org.eclipse.jdt.internal.junit.runner.RemoteTestRunner -version 3 -port 64405 -testLoaderClass org.eclipse.jdt.internal.junit4.runner.JUnit4TestLoader -loaderpluginname org.eclipse.jdt.junit4.runtime -classNames tests.Test
java_class_path (initial): C:\Users\hp\Desktop\GI5\Spring Projet\spring_demo\bin;C:\Users\hp\Desktop\GI5\Spring Projet\spring_demo\libs2\commons-logging-1.1.1.jar;C:\Users\hp\Desktop\GI5\Spring Projet\spring_demo\libs2\h2-1.4.197.jar;C:\Users\hp\Desktop\GI5\Spring Projet\spring_demo\libs2\spring-aop-5.0.7.RELEASE.jar;C:\Users\hp\Desktop\GI5\Spring Projet\spring_demo\libs2\spring-beans-4.2.6.RELEASE.jar;C:\Users\hp\Desktop\GI5\Spring Projet\spring_demo\libs2\spring-context-4.2.6.RELEASE.jar;C:\Users\hp\Desktop\GI5\Spring Projet\spring_demo\libs2\spring-core-4.2.6.RELEASE.jar;C:\Users\hp\Desktop\GI5\Spring Projet\spring_demo\libs2\spring-expression-4.2.6.RELEASE.jar;C:\Users\hp\Desktop\GI5\Spring Projet\spring_demo\libs2\spring-jdbc-4.3.10.RELEASE.jar;C:\Users\hp\Desktop\GI5\Spring Projet\spring_demo\libs2\spring-tx-4.2.5.RELEASE.jar;C:\Users\hp\Desktop\GI5\Spring Projet\spring_demo\libs2\hibernateLibs\antlr-2.7.7.jar;C:\Users\hp\Desktop\GI5\Spring Projet\spring_demo\libs2\hibernateLibs\byte-buddy-1.12.7.jar;C:\Users\hp\Desktop\GI5\Spring Projet\spring_demo\libs2\hibernateLibs\classmate-1.5.1.jar;C:\Users\hp\Desktop\GI5\Spring Projet\spring_demo\libs2\hibernateLibs\FastInfoset-1.2.15.jar;C:\Users\hp\Desktop\GI5\Spring Projet\spring_demo\libs2\hibernateLibs\hibernate-commons-annotations-5.1.2.Final.jar;C:\Users\hp\Desktop\GI5\Spring Projet\spring_demo\libs2\hibernateLibs\hibernate-core-5.6.4.Final.jar;C:\Users\hp\Desktop\GI5\Spring Projet\spring_demo\libs2\hibernateLibs\istack-commons-runtime-3.0.7.jar;C:\Users\hp\Desktop\GI5\Spring Projet\spring_demo\libs2\hibernateLibs\jandex-2.4.2.Final.jar;C:\Users\hp\Desktop\GI5\Spring Projet\spring_demo\libs2\hibernateLibs\javax.activation-api-1.2.0.jar;C:\Users\hp\Desktop\GI5\Spring Projet\spring_demo\libs2\hibernateLibs\javax.persistence-api-2.2.jar;C:\Users\hp\Desktop\GI5\Spring Projet\spring_demo\libs2\hibernateLibs\jaxb-api-2.3.1.jar;C:\Users\hp\Desktop\GI5\Spring Projet\spring_demo\libs2\hibernateLibs\txw2-2.3.1.jar;C:\Us
Launcher Type: SUN_STANDARD

[Global flags]
     intx CICompilerCount                          = 4                                         {product} {ergonomic}
     uint ConcGCThreads                            = 2                                         {product} {ergonomic}
     uint G1ConcRefinementThreads                  = 8                                         {product} {ergonomic}
   size_t G1HeapRegionSize                         = 2097152                                   {product} {ergonomic}
    uintx GCDrainStackTargetSize                   = 64                                        {product} {ergonomic}
   size_t InitialHeapSize                          = 199229440                                 {product} {ergonomic}
   size_t MarkStackSize                            = 4194304                                   {product} {ergonomic}
   size_t MaxHeapSize                              = 3170893824                                {product} {ergonomic}
   size_t MinHeapDeltaBytes                        = 2097152                                   {product} {ergonomic}
   size_t MinHeapSize                              = 8388608                                   {product} {ergonomic}
    uintx NonNMethodCodeHeapSize                   = 5839372                                {pd product} {ergonomic}
    uintx NonProfiledCodeHeapSize                  = 122909434                              {pd product} {ergonomic}
    uintx ProfiledCodeHeapSize                     = 122909434                              {pd product} {ergonomic}
    uintx ReservedCodeCacheSize                    = 251658240                              {pd product} {ergonomic}
     bool SegmentedCodeCache                       = true                                      {product} {ergonomic}
     bool ShowCodeDetailsInExceptionMessages       = true                                   {manageable} {command line}
   size_t SoftMaxHeapSize                          = 3170893824                             {manageable} {ergonomic}
     bool UseCompressedClassPointers               = true                                 {lp64_product} {ergonomic}
     bool UseCompressedOops                        = true                                 {lp64_product} {ergonomic}
     bool UseG1GC                                  = true                                      {product} {ergonomic}
     bool UseLargePagesIndividualAllocation        = false                                  {pd product} {ergonomic}

Logging:
Log output configuration:
 #0: stdout all=warning uptime,level,tags
 #1: stderr all=off uptime,level,tags

Environment Variables:
JAVA_HOME=C:\Program Files\Java\jdk-15.0.1
PATH=C:\Program Files\Common Files\Oracle\Java\javapath;C:\WINDOWS\system32;C:\WINDOWS;C:\WINDOWS\System32\Wbem;C:\WINDOWS\System32\WindowsPowerShell\v1.0\;C:\WINDOWS\System32\OpenSSH\;C:\Program Files (x86)\Microsoft VS Code\bin;C:\Program Files\Java\jdk-15.0.1\bin;C:\Program Files\Microsoft SQL Server\130\Tools\Binn\;C:\Program Files\Git\cmd;C:\Users\hp\Downloads\apache-maven-3.6.3\bin;C:\Program Files\MySQL\MySQL Shell 8.0\bin\;C:\Users\hp\AppData\Local\Programs\Python\Python37\Scripts\;C:\Users\hp\AppData\Local\Programs\Python\Python37\;C:\Users\hp\AppData\Local\Programs\Python\Python39\Scripts\;C:\Users\hp\AppData\Local\Programs\Python\Python39\;C:\Users\hp\AppData\Local\Microsoft\WindowsApps;C:\src\flutter\bin;"C:\Program Files\Java\jdk-15.0.1\bin ;C:\tp_maven\apache-maven-3.8.4\bin;";
USERNAME=hp
OS=Windows_NT
PROCESSOR_IDENTIFIER=Intel64 Family 6 Model 166 Stepping 0, GenuineIntel



---------------  S Y S T E M  ---------------

OS:
 Windows 10 , 64 bit Build 19041 (10.0.19041.1466)
OS uptime: 0 days 6:34 hours

CPU: total 8 (initial active 8) (4 cores per cpu, 2 threads per core) family 6 model 166 stepping 0 microcode 0xca, cmov, cx8, fxsr, mmx, sse, sse2, sse3, ssse3, sse4.1, sse4.2, popcnt, vzeroupper, avx, avx2, aes, clmul, erms, 3dnowpref, lzcnt, ht, tsc, tscinvbit, bmi1, bmi2, adx, fma, clflush, clflushopt

Memory: 4k page, system-wide physical 12092M (5906M free)
TotalPageFile size 13465M (AvailPageFile size 177M)
current process WorkingSet (physical memory assigned to process): 10M, peak: 10M
current process commit charge ("private bytes"): 60M, peak: 250M

vm_info: Java HotSpot(TM) 64-Bit Server VM (15.0.1+9-18) for windows-amd64 JRE (15.0.1+9-18), built on Sep 15 2020 14:43:54 by "mach5one" with unknown MS VC++:1925

END.
